Using pre-set license
Built from '2020.2/release' branch; Version is '2020.2.2f1 (068178b99f32) revision 426360'; Using compiler version '192528614'; Build Type 'Release'
OS: 'Windows 10 Pro; OS build 19041.264; Version 2004; 64bit' Language: 'en' Physical Memory: 16319 MB
BatchMode: 1, IsHumanControllingUs: 0, StartBugReporterOnCrash: 0, Is64bit: 1, IsPro: 0

 COMMAND LINE ARGUMENTS:
D:\Unity Editor\2020.2.2f1\Editor\Unity.exe
-adb2
-batchMode
-noUpm
-name
AssetImportWorker0
-projectPath
D:/unity/Worldbox-explorations/Worldbox-exploration/New Unity Project
-logFile
Logs/AssetImportWorker0.log
-srvPort
11110
Successfully changed project path to: D:/unity/Worldbox-explorations/Worldbox-exploration/New Unity Project
D:/unity/Worldbox-explorations/Worldbox-exploration/New Unity Project
Using Asset Import Pipeline V2.
Refreshing native plugins compatible for Editor in 20.22 ms, found 0 plugins.
Preloading 0 native plugins for Editor in 0.00 ms.
Initialize engine version: 2020.2.2f1 (068178b99f32)
[Subsystems] Discovering subsystems at path D:/Unity Editor/2020.2.2f1/Editor/Data/Resources/UnitySubsystems
[Subsystems] Discovering subsystems at path D:/unity/Worldbox-explorations/Worldbox-exploration/New Unity Project/Assets
GfxDevice: creating device client; threaded=0
Direct3D:
    Version:  Direct3D 11.0 [level 11.1]
    Renderer: NVIDIA GeForce GTX 1650 (ID=0x1f82)
    Vendor:   
    VRAM:     3962 MB
    Driver:   27.21.14.5206
Initialize mono
Mono path[0] = 'D:/Unity Editor/2020.2.2f1/Editor/Data/Managed'
Mono path[1] = 'D:/Unity Editor/2020.2.2f1/Editor/Data/MonoBleedingEdge/lib/mono/unityjit'
Mono config path = 'D:/Unity Editor/2020.2.2f1/Editor/Data/MonoBleedingEdge/etc'
Using monoOptions --debugger-agent=transport=dt_socket,embedding=1,server=y,suspend=n,address=127.0.0.1:56484
Begin MonoManager ReloadAssembly
Registering precompiled unity dll's ...
Register platform support module: D:/Unity Editor/2020.2.2f1/Editor/Data/PlaybackEngines/WebGLSupport/UnityEditor.WebGL.Extensions.dll
Register platform support module: D:/Unity Editor/2020.2.2f1/Editor/Data/PlaybackEngines/WindowsStandaloneSupport/UnityEditor.WindowsStandalone.Extensions.dll
Registered in 0.001108 seconds.
Native extension for WindowsStandalone target not found
Native extension for WebGL target not found
Refreshing native plugins compatible for Editor in 20.82 ms, found 0 plugins.
Preloading 0 native plugins for Editor in 0.00 ms.
Invoked RoslynAnalysisRunner static constructor.
RoslynAnalysisRunner will not be running.
RoslynAnalysisRunner has terminated.
Mono: successfully reloaded assembly
- Completed reload, in  1.211 seconds
Platform modules already initialized, skipping
Registering precompiled user dll's ...
Registered in 0.000495 seconds.
Begin MonoManager ReloadAssembly
Native extension for WindowsStandalone target not found
Native extension for WebGL target not found
Refreshing native plugins compatible for Editor in 0.18 ms, found 0 plugins.
Preloading 0 native plugins for Editor in 0.00 ms.
Invoked RoslynAnalysisRunner static constructor.
RoslynAnalysisRunner will not be running.
RoslynAnalysisRunner has terminated.
Mono: successfully reloaded assembly
- Completed reload, in  0.721 seconds
Platform modules already initialized, skipping
========================================================================
Worker process is ready to serve import requests
Launched and connected shader compiler UnityShaderCompiler.exe after 0.05 seconds
Refreshing native plugins compatible for Editor in 0.18 ms, found 0 plugins.
Preloading 0 native plugins for Editor in 0.00 ms.
Unloading 1099 Unused Serialized files (Serialized files now loaded: 0)
System memory in use before: 56.5 MB.
System memory in use after: 56.6 MB.

Unloading 10 unused Assets to reduce memory usage. Loaded Objects now: 1540.
Total: 1.478300 ms (FindLiveObjects: 0.134700 ms CreateObjectMapping: 0.041200 ms MarkObjects: 1.234200 ms  DeleteObjects: 0.067100 ms)

========================================================================
Received Import Request.
  path: Assets/Sprites
  artifactKey: Guid(e9b0716ea1ccdac45bc008dac95bf204) Importer(815301076,1909f56bfc062723c751e8b465ee728b)
Start importing Assets/Sprites using Guid(e9b0716ea1ccdac45bc008dac95bf204) Importer(815301076,1909f56bfc062723c751e8b465ee728b)  -> (artifact id: '55f67bc5b7c9e3c5de491f86d04fefdd') in 0.003540 seconds
  Import took 0.006684 seconds .

========================================================================
Received Import Request.
  Time since last request: 13.518333 seconds.
  path: Assets/Sprites/InsertYourArtHere.txt.cs
  artifactKey: Guid(678d11b1218aa774580d68a83f07486d) Importer(815301076,1909f56bfc062723c751e8b465ee728b)
Start importing Assets/Sprites/InsertYourArtHere.txt.cs using Guid(678d11b1218aa774580d68a83f07486d) Importer(815301076,1909f56bfc062723c751e8b465ee728b)  -> (artifact id: '278d463d732d9e393ba68afb546f4fad') in 0.024708 seconds
  Import took 0.027534 seconds .

========================================================================
Received Import Request.
  Time since last request: 4.311826 seconds.
  path: Assets/Sprites/InsertYourArtHere.cs
  artifactKey: Guid(678d11b1218aa774580d68a83f07486d) Importer(815301076,1909f56bfc062723c751e8b465ee728b)
Start importing Assets/Sprites/InsertYourArtHere.cs using Guid(678d11b1218aa774580d68a83f07486d) Importer(815301076,1909f56bfc062723c751e8b465ee728b)  -> (artifact id: '11fb966d26cd20c2570205bc1af7ca6c') in 0.002599 seconds
  Import took 0.005392 seconds .

========================================================================
Received Prepare
Registering precompiled user dll's ...
Registered in 0.000632 seconds.
Begin MonoManager ReloadAssembly
Native extension for WindowsStandalone target not found
Native extension for WebGL target not found
Refreshing native plugins compatible for Editor in 0.19 ms, found 0 plugins.
Preloading 0 native plugins for Editor in 0.00 ms.
Invoked RoslynAnalysisRunner static constructor.
RoslynAnalysisRunner will not be running.
RoslynAnalysisRunner has terminated.
Mono: successfully reloaded assembly
- Completed reload, in  0.725 seconds
Platform modules already initialized, skipping
Refreshing native plugins compatible for Editor in 0.18 ms, found 0 plugins.
Preloading 0 native plugins for Editor in 0.00 ms.
Unloading 1095 Unused Serialized files (Serialized files now loaded: 0)
System memory in use before: 56.5 MB.
System memory in use after: 56.6 MB.

Unloading 5 unused Assets to reduce memory usage. Loaded Objects now: 1543.
Total: 1.499800 ms (FindLiveObjects: 0.150900 ms CreateObjectMapping: 0.043000 ms MarkObjects: 1.262400 ms  DeleteObjects: 0.042500 ms)

========================================================================
Received Import Request.
  Time since last request: 139.026808 seconds.
  path: Assets/Sprites/InsertYourArtHere.cs
  artifactKey: Guid(678d11b1218aa774580d68a83f07486d) Importer(815301076,1909f56bfc062723c751e8b465ee728b)
Start importing Assets/Sprites/InsertYourArtHere.cs using Guid(678d11b1218aa774580d68a83f07486d) Importer(815301076,1909f56bfc062723c751e8b465ee728b)  -> (artifact id: '526cc27a8e0c30a26ac834f1f66d646d') in 0.002671 seconds
  Import took 0.006021 seconds .

