Using pre-set license
Built from '2020.3/staging' branch; Version is '2020.3.11f1 (99c7afb366b3) revision 10078127'; Using compiler version '192528614'; Build Type 'Release'
OS: 'Windows 10 Pro; OS build 19041.572; Version 2004; 64bit' Language: 'de' Physical Memory: 8061 MB
BatchMode: 1, IsHumanControllingUs: 0, StartBugReporterOnCrash: 0, Is64bit: 1, IsPro: 0

 COMMAND LINE ARGUMENTS:
C:\UnityEditor\2020.3.11f1\Editor\Unity.exe
-adb2
-batchMode
-noUpm
-name
AssetImportWorker1
-projectPath
C:/Users/Leon/Documents/Github/Worldbox-exploration/Game Files
-logFile
Logs/AssetImportWorker1.log
-srvPort
60128
Successfully changed project path to: C:/Users/Leon/Documents/Github/Worldbox-exploration/Game Files
C:/Users/Leon/Documents/Github/Worldbox-exploration/Game Files
Using Asset Import Pipeline V2.
Refreshing native plugins compatible for Editor in 109.81 ms, found 2 plugins.
Preloading 0 native plugins for Editor in 0.00 ms.
Initialize engine version: 2020.3.11f1 (99c7afb366b3)
[Subsystems] Discovering subsystems at path C:/UnityEditor/2020.3.11f1/Editor/Data/Resources/UnitySubsystems
[Subsystems] Discovering subsystems at path C:/Users/Leon/Documents/Github/Worldbox-exploration/Game Files/Assets
GfxDevice: creating device client; threaded=0
Direct3D:
    Version:  Direct3D 11.0 [level 11.0]
    Renderer: AMD Radeon HD 6350 (ID=0x68f9)
    Vendor:   
    VRAM:     498 MB
    Driver:   15.201.1151.1008
Initialize mono
Mono path[0] = 'C:/UnityEditor/2020.3.11f1/Editor/Data/Managed'
Mono path[1] = 'C:/UnityEditor/2020.3.11f1/Editor/Data/MonoBleedingEdge/lib/mono/unityjit'
Mono config path = 'C:/UnityEditor/2020.3.11f1/Editor/Data/MonoBleedingEdge/etc'
Using monoOptions --debugger-agent=transport=dt_socket,embedding=1,server=y,suspend=n,address=127.0.0.1:56068
Begin MonoManager ReloadAssembly
Registering precompiled unity dll's ...
Register platform support module: C:/UnityEditor/2020.3.11f1/Editor/Data/PlaybackEngines/WindowsStandaloneSupport/UnityEditor.WindowsStandalone.Extensions.dll
Register platform support module: C:/UnityEditor/2020.3.11f1/Editor/Data/PlaybackEngines/LinuxStandaloneSupport/UnityEditor.LinuxStandalone.Extensions.dll
Registered in 0.006033 seconds.
Native extension for LinuxStandalone target not found
Native extension for WindowsStandalone target not found
Refreshing native plugins compatible for Editor in 82.19 ms, found 2 plugins.
Preloading 0 native plugins for Editor in 0.00 ms.
Mono: successfully reloaded assembly
- Completed reload, in  4.149 seconds
Platform modules already initialized, skipping
Registering precompiled user dll's ...
Registered in 0.023570 seconds.
Begin MonoManager ReloadAssembly
Native extension for LinuxStandalone target not found
Native extension for WindowsStandalone target not found
Refreshing native plugins compatible for Editor in 0.64 ms, found 2 plugins.
Preloading 0 native plugins for Editor in 0.00 ms.
Mono: successfully reloaded assembly
- Completed reload, in  3.601 seconds
Platform modules already initialized, skipping
========================================================================
Worker process is ready to serve import requests
Launched and connected shader compiler UnityShaderCompiler.exe after 0.18 seconds
Refreshing native plugins compatible for Editor in 1.21 ms, found 2 plugins.
Preloading 0 native plugins for Editor in 0.00 ms.
Unloading 1394 Unused Serialized files (Serialized files now loaded: 0)
System memory in use before: 65.0 MB.
System memory in use after: 65.1 MB.

Unloading 18 unused Assets to reduce memory usage. Loaded Objects now: 1828.
Total: 4.324200 ms (FindLiveObjects: 0.568900 ms CreateObjectMapping: 0.101100 ms MarkObjects: 3.531500 ms  DeleteObjects: 0.120500 ms)

========================================================================
Received Import Request.
  path: Assets/Sprites/Player.PNG
  artifactKey: Guid(0226068bc3a1c564e86bf5a4f65a2c31) Importer(815301076,1909f56bfc062723c751e8b465ee728b)
Start importing Assets/Sprites/Player.PNG using Guid(0226068bc3a1c564e86bf5a4f65a2c31) Importer(815301076,1909f56bfc062723c751e8b465ee728b)  -> (artifact id: 'd1bbd09d4f53cde8057fa69522b732b8') in 0.474710 seconds
  Import took 0.481496 seconds .

========================================================================
Received Import Request.
  Time since last request: 58.112745 seconds.
  path: Assets/Scenes/SampleScene.unity
  artifactKey: Guid(9fc0d4010bbf28b4594072e72b8655ab) Importer(815301076,1909f56bfc062723c751e8b465ee728b)
Start importing Assets/Scenes/SampleScene.unity using Guid(9fc0d4010bbf28b4594072e72b8655ab) Importer(815301076,1909f56bfc062723c751e8b465ee728b)  -> (artifact id: 'dcc088d1731b590f9572c6f2bab98c6a') in 0.079065 seconds
  Import took 0.089105 seconds .

========================================================================
Received Import Request.
  Time since last request: 120.292933 seconds.
  path: Assets/Sprites/Player.PNG
  artifactKey: Guid(0226068bc3a1c564e86bf5a4f65a2c31) Importer(815301076,1909f56bfc062723c751e8b465ee728b)
Start importing Assets/Sprites/Player.PNG using Guid(0226068bc3a1c564e86bf5a4f65a2c31) Importer(815301076,1909f56bfc062723c751e8b465ee728b)  -> (artifact id: 'b01574ab1aa60b2cbaffa4f04c047e9d') in 0.252949 seconds
  Import took 0.296148 seconds .

========================================================================
Received Import Request.
  Time since last request: 4.890627 seconds.
  path: Assets/Sprites/Player.PNG
  artifactKey: Guid(0226068bc3a1c564e86bf5a4f65a2c31) Importer(815301076,1909f56bfc062723c751e8b465ee728b)
Start importing Assets/Sprites/Player.PNG using Guid(0226068bc3a1c564e86bf5a4f65a2c31) Importer(815301076,1909f56bfc062723c751e8b465ee728b)  -> (artifact id: '65a53544d01b54f137c5f4b65b04f920') in 0.158429 seconds
  Import took 0.168563 seconds .

========================================================================
Received Prepare
Registering precompiled user dll's ...
Registered in 0.009399 seconds.
Begin MonoManager ReloadAssembly
Native extension for LinuxStandalone target not found
Native extension for WindowsStandalone target not found
Refreshing native plugins compatible for Editor in 0.61 ms, found 2 plugins.
Preloading 0 native plugins for Editor in 0.00 ms.
Mono: successfully reloaded assembly
- Completed reload, in  2.570 seconds
Platform modules already initialized, skipping
Refreshing native plugins compatible for Editor in 0.67 ms, found 2 plugins.
Preloading 0 native plugins for Editor in 0.00 ms.
Unloading 1422 Unused Serialized files (Serialized files now loaded: 0)
System memory in use before: 69.0 MB.
System memory in use after: 69.1 MB.

Unloading 13 unused Assets to reduce memory usage. Loaded Objects now: 1872.
Total: 4.239400 ms (FindLiveObjects: 0.325400 ms CreateObjectMapping: 0.155400 ms MarkObjects: 3.718000 ms  DeleteObjects: 0.038100 ms)

========================================================================
Received Import Request.
  Time since last request: 178.478685 seconds.
  path: Assets/Sprites/Player.PNG
  artifactKey: Guid(0226068bc3a1c564e86bf5a4f65a2c31) Importer(815301076,1909f56bfc062723c751e8b465ee728b)
Start importing Assets/Sprites/Player.PNG using Guid(0226068bc3a1c564e86bf5a4f65a2c31) Importer(815301076,1909f56bfc062723c751e8b465ee728b)  -> (artifact id: '59803ff2b6e95d009a5cfb543a8dcddf') in 0.160414 seconds
  Import took 0.184228 seconds .

========================================================================
Received Import Request.
  Time since last request: 3.797211 seconds.
  path: Assets/Sprites/Player.PNG
  artifactKey: Guid(0226068bc3a1c564e86bf5a4f65a2c31) Importer(815301076,1909f56bfc062723c751e8b465ee728b)
Start importing Assets/Sprites/Player.PNG using Guid(0226068bc3a1c564e86bf5a4f65a2c31) Importer(815301076,1909f56bfc062723c751e8b465ee728b)  -> (artifact id: '7f72e1f96069d28f8bec58a07ceb32d9') in 0.127288 seconds
  Import took 0.141662 seconds .

========================================================================
Received Import Request.
  Time since last request: 21.996134 seconds.
  path: Assets/Sprites/Player.PNG
  artifactKey: Guid(0226068bc3a1c564e86bf5a4f65a2c31) Importer(815301076,1909f56bfc062723c751e8b465ee728b)
Start importing Assets/Sprites/Player.PNG using Guid(0226068bc3a1c564e86bf5a4f65a2c31) Importer(815301076,1909f56bfc062723c751e8b465ee728b)  -> (artifact id: 'c2c42b816bd8cf657aacf3d397d12fe5') in 0.058032 seconds
  Import took 0.072554 seconds .

========================================================================
Received Import Request.
  Time since last request: 40.360089 seconds.
  path: Assets
  artifactKey: Guid(00000000000000001000000000000000) Importer(815301076,1909f56bfc062723c751e8b465ee728b)
Start importing Assets using Guid(00000000000000001000000000000000) Importer(815301076,1909f56bfc062723c751e8b465ee728b)  -> (artifact id: '42d402b061de3733987d63b9cc3b64de') in 0.057982 seconds
  Import took 0.062354 seconds .

========================================================================
Received Import Request.
  Time since last request: 2.930564 seconds.
  path: Assets/Scripts
  artifactKey: Guid(9cf5d28ef7514954ea87fba858773f5a) Importer(815301076,1909f56bfc062723c751e8b465ee728b)
Start importing Assets/Scripts using Guid(9cf5d28ef7514954ea87fba858773f5a) Importer(815301076,1909f56bfc062723c751e8b465ee728b)  -> (artifact id: '30f85feb3e1fded5b3c1a0e6a08cb97e') in 0.054009 seconds
  Import took 0.068306 seconds .

========================================================================
Received Import Request.
  Time since last request: 8.070199 seconds.
  path: Assets/Scripts/PlayerMovement.cs
  artifactKey: Guid(bbf1a58d0c91d2f449be953ec3c8c52f) Importer(815301076,1909f56bfc062723c751e8b465ee728b)
Start importing Assets/Scripts/PlayerMovement.cs using Guid(bbf1a58d0c91d2f449be953ec3c8c52f) Importer(815301076,1909f56bfc062723c751e8b465ee728b)  -> (artifact id: '6c559b61ac060a91100bc9af0a92288b') in 1.657684 seconds
  Import took 1.663060 seconds .

========================================================================
Received Prepare
Registering precompiled user dll's ...
Registered in 0.019935 seconds.
Begin MonoManager ReloadAssembly
Native extension for LinuxStandalone target not found
Native extension for WindowsStandalone target not found
Refreshing native plugins compatible for Editor in 5.95 ms, found 2 plugins.
Preloading 0 native plugins for Editor in 0.00 ms.
Mono: successfully reloaded assembly
- Completed reload, in  3.137 seconds
Platform modules already initialized, skipping
Refreshing native plugins compatible for Editor in 0.64 ms, found 2 plugins.
Preloading 0 native plugins for Editor in 0.00 ms.
Unloading 1423 Unused Serialized files (Serialized files now loaded: 0)
System memory in use before: 69.0 MB.
System memory in use after: 69.1 MB.

Unloading 13 unused Assets to reduce memory usage. Loaded Objects now: 1879.
Total: 8.830600 ms (FindLiveObjects: 0.343300 ms CreateObjectMapping: 0.080600 ms MarkObjects: 8.371800 ms  DeleteObjects: 0.032400 ms)

========================================================================
Received Prepare
Registering precompiled user dll's ...
Registered in 0.021170 seconds.
Begin MonoManager ReloadAssembly
Native extension for LinuxStandalone target not found
Native extension for WindowsStandalone target not found
Refreshing native plugins compatible for Editor in 0.75 ms, found 2 plugins.
Preloading 0 native plugins for Editor in 0.00 ms.
Mono: successfully reloaded assembly
- Completed reload, in  4.494 seconds
Platform modules already initialized, skipping
Refreshing native plugins compatible for Editor in 0.98 ms, found 2 plugins.
Preloading 0 native plugins for Editor in 0.00 ms.
Unloading 1423 Unused Serialized files (Serialized files now loaded: 0)
System memory in use before: 69.0 MB.
System memory in use after: 69.1 MB.

Unloading 13 unused Assets to reduce memory usage. Loaded Objects now: 1882.
Total: 4.531100 ms (FindLiveObjects: 0.315300 ms CreateObjectMapping: 0.073800 ms MarkObjects: 4.107500 ms  DeleteObjects: 0.032600 ms)

========================================================================
Received Prepare
Registering precompiled user dll's ...
Registered in 0.050921 seconds.
Begin MonoManager ReloadAssembly
Native extension for LinuxStandalone target not found
Native extension for WindowsStandalone target not found
Refreshing native plugins compatible for Editor in 0.64 ms, found 2 plugins.
Preloading 0 native plugins for Editor in 0.00 ms.
Mono: successfully reloaded assembly
- Completed reload, in  2.222 seconds
Platform modules already initialized, skipping
Refreshing native plugins compatible for Editor in 0.60 ms, found 2 plugins.
Preloading 0 native plugins for Editor in 0.00 ms.
Unloading 1423 Unused Serialized files (Serialized files now loaded: 0)
System memory in use before: 69.1 MB.
System memory in use after: 69.2 MB.

Unloading 13 unused Assets to reduce memory usage. Loaded Objects now: 1885.
Total: 5.986000 ms (FindLiveObjects: 0.334800 ms CreateObjectMapping: 0.079800 ms MarkObjects: 5.532600 ms  DeleteObjects: 0.035200 ms)

========================================================================
Received Prepare
Registering precompiled user dll's ...
Registered in 0.046458 seconds.
Begin MonoManager ReloadAssembly
Native extension for LinuxStandalone target not found
Native extension for WindowsStandalone target not found
Refreshing native plugins compatible for Editor in 0.91 ms, found 2 plugins.
Preloading 0 native plugins for Editor in 0.00 ms.
Mono: successfully reloaded assembly
- Completed reload, in  8.037 seconds
Platform modules already initialized, skipping
Refreshing native plugins compatible for Editor in 1.41 ms, found 2 plugins.
Preloading 0 native plugins for Editor in 0.00 ms.
Unloading 1423 Unused Serialized files (Serialized files now loaded: 0)
System memory in use before: 69.1 MB.
System memory in use after: 69.2 MB.

Unloading 13 unused Assets to reduce memory usage. Loaded Objects now: 1888.
Total: 10.181800 ms (FindLiveObjects: 0.380200 ms CreateObjectMapping: 0.082000 ms MarkObjects: 9.687400 ms  DeleteObjects: 0.028900 ms)

========================================================================
Received Prepare
Registering precompiled user dll's ...
Registered in 0.010508 seconds.
Begin MonoManager ReloadAssembly
Native extension for LinuxStandalone target not found
Native extension for WindowsStandalone target not found
Refreshing native plugins compatible for Editor in 0.66 ms, found 2 plugins.
Preloading 0 native plugins for Editor in 0.00 ms.
Mono: successfully reloaded assembly
- Completed reload, in  2.486 seconds
Platform modules already initialized, skipping
Refreshing native plugins compatible for Editor in 0.72 ms, found 2 plugins.
Preloading 0 native plugins for Editor in 0.00 ms.
Unloading 1423 Unused Serialized files (Serialized files now loaded: 0)
System memory in use before: 69.1 MB.
System memory in use after: 69.2 MB.

Unloading 13 unused Assets to reduce memory usage. Loaded Objects now: 1891.
Total: 6.643400 ms (FindLiveObjects: 1.541300 ms CreateObjectMapping: 0.215200 ms MarkObjects: 4.850100 ms  DeleteObjects: 0.033800 ms)

========================================================================
Received Prepare
Registering precompiled user dll's ...
Registered in 0.049377 seconds.
Begin MonoManager ReloadAssembly
Native extension for LinuxStandalone target not found
Native extension for WindowsStandalone target not found
Refreshing native plugins compatible for Editor in 0.58 ms, found 2 plugins.
Preloading 0 native plugins for Editor in 0.00 ms.
Mono: successfully reloaded assembly
- Completed reload, in  3.034 seconds
Platform modules already initialized, skipping
Refreshing native plugins compatible for Editor in 0.59 ms, found 2 plugins.
Preloading 0 native plugins for Editor in 0.00 ms.
Unloading 1423 Unused Serialized files (Serialized files now loaded: 0)
System memory in use before: 69.1 MB.
System memory in use after: 69.2 MB.

Unloading 13 unused Assets to reduce memory usage. Loaded Objects now: 1894.
Total: 4.043800 ms (FindLiveObjects: 0.321300 ms CreateObjectMapping: 0.078500 ms MarkObjects: 3.607100 ms  DeleteObjects: 0.034400 ms)

